ARM GAS  C:\Users\MYKHAI~1.SEN\AppData\Local\Temp\cc9Q7haz.s 			page 1


   1              		.cpu cortex-m3
   2              		.arch armv7-m
   3              		.fpu softvfp
   4              		.eabi_attribute 20, 1
   5              		.eabi_attribute 21, 1
   6              		.eabi_attribute 23, 3
   7              		.eabi_attribute 24, 1
   8              		.eabi_attribute 25, 1
   9              		.eabi_attribute 26, 1
  10              		.eabi_attribute 30, 6
  11              		.eabi_attribute 34, 1
  12              		.eabi_attribute 18, 4
  13              		.file	"stm32f1xx_hal_msp.c"
  14              		.text
  15              	.Ltext0:
  16              		.cfi_sections	.debug_frame
  17              		.file 1 "Core/Src/stm32f1xx_hal_msp.c"
  18              		.section	.text.HAL_MspInit,"ax",%progbits
  19              		.align	1
  20              		.global	HAL_MspInit
  21              		.syntax unified
  22              		.thumb
  23              		.thumb_func
  25              	HAL_MspInit:
  26              	.LFB65:
   1:Core/Src/stm32f1xx_hal_msp.c **** /* USER CODE BEGIN Header */
   2:Core/Src/stm32f1xx_hal_msp.c **** /**
   3:Core/Src/stm32f1xx_hal_msp.c ****   ******************************************************************************
   4:Core/Src/stm32f1xx_hal_msp.c ****   * @file         stm32f1xx_hal_msp.c
   5:Core/Src/stm32f1xx_hal_msp.c ****   * @brief        This file provides code for the MSP Initialization
   6:Core/Src/stm32f1xx_hal_msp.c ****   *               and de-Initialization codes.
   7:Core/Src/stm32f1xx_hal_msp.c ****   ******************************************************************************
   8:Core/Src/stm32f1xx_hal_msp.c ****   * @attention
   9:Core/Src/stm32f1xx_hal_msp.c ****   *
  10:Core/Src/stm32f1xx_hal_msp.c ****   * Copyright (c) 2023 STMicroelectronics.
  11:Core/Src/stm32f1xx_hal_msp.c ****   * All rights reserved.
  12:Core/Src/stm32f1xx_hal_msp.c ****   *
  13:Core/Src/stm32f1xx_hal_msp.c ****   * This software is licensed under terms that can be found in the LICENSE file
  14:Core/Src/stm32f1xx_hal_msp.c ****   * in the root directory of this software component.
  15:Core/Src/stm32f1xx_hal_msp.c ****   * If no LICENSE file comes with this software, it is provided AS-IS.
  16:Core/Src/stm32f1xx_hal_msp.c ****   *
  17:Core/Src/stm32f1xx_hal_msp.c ****   ******************************************************************************
  18:Core/Src/stm32f1xx_hal_msp.c ****   */
  19:Core/Src/stm32f1xx_hal_msp.c **** /* USER CODE END Header */
  20:Core/Src/stm32f1xx_hal_msp.c **** 
  21:Core/Src/stm32f1xx_hal_msp.c **** /* Includes ------------------------------------------------------------------*/
  22:Core/Src/stm32f1xx_hal_msp.c **** #include "main.h"
  23:Core/Src/stm32f1xx_hal_msp.c **** /* USER CODE BEGIN Includes */
  24:Core/Src/stm32f1xx_hal_msp.c **** 
  25:Core/Src/stm32f1xx_hal_msp.c **** /* USER CODE END Includes */
  26:Core/Src/stm32f1xx_hal_msp.c **** 
  27:Core/Src/stm32f1xx_hal_msp.c **** /* Private typedef -----------------------------------------------------------*/
  28:Core/Src/stm32f1xx_hal_msp.c **** /* USER CODE BEGIN TD */
  29:Core/Src/stm32f1xx_hal_msp.c **** 
  30:Core/Src/stm32f1xx_hal_msp.c **** /* USER CODE END TD */
  31:Core/Src/stm32f1xx_hal_msp.c **** 
  32:Core/Src/stm32f1xx_hal_msp.c **** /* Private define ------------------------------------------------------------*/
ARM GAS  C:\Users\MYKHAI~1.SEN\AppData\Local\Temp\cc9Q7haz.s 			page 2


  33:Core/Src/stm32f1xx_hal_msp.c **** /* USER CODE BEGIN Define */
  34:Core/Src/stm32f1xx_hal_msp.c **** 
  35:Core/Src/stm32f1xx_hal_msp.c **** /* USER CODE END Define */
  36:Core/Src/stm32f1xx_hal_msp.c **** 
  37:Core/Src/stm32f1xx_hal_msp.c **** /* Private macro -------------------------------------------------------------*/
  38:Core/Src/stm32f1xx_hal_msp.c **** /* USER CODE BEGIN Macro */
  39:Core/Src/stm32f1xx_hal_msp.c **** 
  40:Core/Src/stm32f1xx_hal_msp.c **** /* USER CODE END Macro */
  41:Core/Src/stm32f1xx_hal_msp.c **** 
  42:Core/Src/stm32f1xx_hal_msp.c **** /* Private variables ---------------------------------------------------------*/
  43:Core/Src/stm32f1xx_hal_msp.c **** /* USER CODE BEGIN PV */
  44:Core/Src/stm32f1xx_hal_msp.c **** 
  45:Core/Src/stm32f1xx_hal_msp.c **** /* USER CODE END PV */
  46:Core/Src/stm32f1xx_hal_msp.c **** 
  47:Core/Src/stm32f1xx_hal_msp.c **** /* Private function prototypes -----------------------------------------------*/
  48:Core/Src/stm32f1xx_hal_msp.c **** /* USER CODE BEGIN PFP */
  49:Core/Src/stm32f1xx_hal_msp.c **** 
  50:Core/Src/stm32f1xx_hal_msp.c **** /* USER CODE END PFP */
  51:Core/Src/stm32f1xx_hal_msp.c **** 
  52:Core/Src/stm32f1xx_hal_msp.c **** /* External functions --------------------------------------------------------*/
  53:Core/Src/stm32f1xx_hal_msp.c **** /* USER CODE BEGIN ExternalFunctions */
  54:Core/Src/stm32f1xx_hal_msp.c **** 
  55:Core/Src/stm32f1xx_hal_msp.c **** /* USER CODE END ExternalFunctions */
  56:Core/Src/stm32f1xx_hal_msp.c **** 
  57:Core/Src/stm32f1xx_hal_msp.c **** /* USER CODE BEGIN 0 */
  58:Core/Src/stm32f1xx_hal_msp.c **** 
  59:Core/Src/stm32f1xx_hal_msp.c **** /* USER CODE END 0 */
  60:Core/Src/stm32f1xx_hal_msp.c **** /**
  61:Core/Src/stm32f1xx_hal_msp.c ****   * Initializes the Global MSP.
  62:Core/Src/stm32f1xx_hal_msp.c ****   */
  63:Core/Src/stm32f1xx_hal_msp.c **** void HAL_MspInit(void)
  64:Core/Src/stm32f1xx_hal_msp.c **** {
  27              		.loc 1 64 1
  28              		.cfi_startproc
  29              		@ args = 0, pretend = 0, frame = 8
  30              		@ frame_needed = 1, uses_anonymous_args = 0
  31              		@ link register save eliminated.
  32 0000 80B4     		push	{r7}
  33              	.LCFI0:
  34              		.cfi_def_cfa_offset 4
  35              		.cfi_offset 7, -4
  36 0002 83B0     		sub	sp, sp, #12
  37              	.LCFI1:
  38              		.cfi_def_cfa_offset 16
  39 0004 00AF     		add	r7, sp, #0
  40              	.LCFI2:
  41              		.cfi_def_cfa_register 7
  42              	.LBB2:
  65:Core/Src/stm32f1xx_hal_msp.c ****   /* USER CODE BEGIN MspInit 0 */
  66:Core/Src/stm32f1xx_hal_msp.c **** 
  67:Core/Src/stm32f1xx_hal_msp.c ****   /* USER CODE END MspInit 0 */
  68:Core/Src/stm32f1xx_hal_msp.c **** 
  69:Core/Src/stm32f1xx_hal_msp.c ****   __HAL_RCC_AFIO_CLK_ENABLE();
  43              		.loc 1 69 3
  44 0006 0E4B     		ldr	r3, .L2
  45 0008 9B69     		ldr	r3, [r3, #24]
  46 000a 0D4A     		ldr	r2, .L2
ARM GAS  C:\Users\MYKHAI~1.SEN\AppData\Local\Temp\cc9Q7haz.s 			page 3


  47 000c 43F00103 		orr	r3, r3, #1
  48 0010 9361     		str	r3, [r2, #24]
  49 0012 0B4B     		ldr	r3, .L2
  50 0014 9B69     		ldr	r3, [r3, #24]
  51 0016 03F00103 		and	r3, r3, #1
  52 001a 7B60     		str	r3, [r7, #4]
  53 001c 7B68     		ldr	r3, [r7, #4]
  54              	.LBE2:
  55              	.LBB3:
  70:Core/Src/stm32f1xx_hal_msp.c ****   __HAL_RCC_PWR_CLK_ENABLE();
  56              		.loc 1 70 3
  57 001e 084B     		ldr	r3, .L2
  58 0020 DB69     		ldr	r3, [r3, #28]
  59 0022 074A     		ldr	r2, .L2
  60 0024 43F08053 		orr	r3, r3, #268435456
  61 0028 D361     		str	r3, [r2, #28]
  62 002a 054B     		ldr	r3, .L2
  63 002c DB69     		ldr	r3, [r3, #28]
  64 002e 03F08053 		and	r3, r3, #268435456
  65 0032 3B60     		str	r3, [r7]
  66 0034 3B68     		ldr	r3, [r7]
  67              	.LBE3:
  71:Core/Src/stm32f1xx_hal_msp.c **** 
  72:Core/Src/stm32f1xx_hal_msp.c ****   /* System interrupt init*/
  73:Core/Src/stm32f1xx_hal_msp.c **** 
  74:Core/Src/stm32f1xx_hal_msp.c ****   /* USER CODE BEGIN MspInit 1 */
  75:Core/Src/stm32f1xx_hal_msp.c **** 
  76:Core/Src/stm32f1xx_hal_msp.c ****   /* USER CODE END MspInit 1 */
  77:Core/Src/stm32f1xx_hal_msp.c **** }
  68              		.loc 1 77 1
  69 0036 00BF     		nop
  70 0038 0C37     		adds	r7, r7, #12
  71              	.LCFI3:
  72              		.cfi_def_cfa_offset 4
  73 003a BD46     		mov	sp, r7
  74              	.LCFI4:
  75              		.cfi_def_cfa_register 13
  76              		@ sp needed
  77 003c 80BC     		pop	{r7}
  78              	.LCFI5:
  79              		.cfi_restore 7
  80              		.cfi_def_cfa_offset 0
  81 003e 7047     		bx	lr
  82              	.L3:
  83              		.align	2
  84              	.L2:
  85 0040 00100240 		.word	1073876992
  86              		.cfi_endproc
  87              	.LFE65:
  89              		.section	.text.HAL_SPI_MspInit,"ax",%progbits
  90              		.align	1
  91              		.global	HAL_SPI_MspInit
  92              		.syntax unified
  93              		.thumb
  94              		.thumb_func
  96              	HAL_SPI_MspInit:
  97              	.LFB66:
ARM GAS  C:\Users\MYKHAI~1.SEN\AppData\Local\Temp\cc9Q7haz.s 			page 4


  78:Core/Src/stm32f1xx_hal_msp.c **** 
  79:Core/Src/stm32f1xx_hal_msp.c **** /**
  80:Core/Src/stm32f1xx_hal_msp.c **** * @brief SPI MSP Initialization
  81:Core/Src/stm32f1xx_hal_msp.c **** * This function configures the hardware resources used in this example
  82:Core/Src/stm32f1xx_hal_msp.c **** * @param hspi: SPI handle pointer
  83:Core/Src/stm32f1xx_hal_msp.c **** * @retval None
  84:Core/Src/stm32f1xx_hal_msp.c **** */
  85:Core/Src/stm32f1xx_hal_msp.c **** void HAL_SPI_MspInit(SPI_HandleTypeDef* hspi)
  86:Core/Src/stm32f1xx_hal_msp.c **** {
  98              		.loc 1 86 1
  99              		.cfi_startproc
 100              		@ args = 0, pretend = 0, frame = 32
 101              		@ frame_needed = 1, uses_anonymous_args = 0
 102 0000 80B5     		push	{r7, lr}
 103              	.LCFI6:
 104              		.cfi_def_cfa_offset 8
 105              		.cfi_offset 7, -8
 106              		.cfi_offset 14, -4
 107 0002 88B0     		sub	sp, sp, #32
 108              	.LCFI7:
 109              		.cfi_def_cfa_offset 40
 110 0004 00AF     		add	r7, sp, #0
 111              	.LCFI8:
 112              		.cfi_def_cfa_register 7
 113 0006 7860     		str	r0, [r7, #4]
  87:Core/Src/stm32f1xx_hal_msp.c ****   GPIO_InitTypeDef GPIO_InitStruct = {0};
 114              		.loc 1 87 20
 115 0008 07F11003 		add	r3, r7, #16
 116 000c 0022     		movs	r2, #0
 117 000e 1A60     		str	r2, [r3]
 118 0010 5A60     		str	r2, [r3, #4]
 119 0012 9A60     		str	r2, [r3, #8]
 120 0014 DA60     		str	r2, [r3, #12]
  88:Core/Src/stm32f1xx_hal_msp.c ****   if(hspi->Instance==SPI2)
 121              		.loc 1 88 10
 122 0016 7B68     		ldr	r3, [r7, #4]
 123 0018 1B68     		ldr	r3, [r3]
 124              		.loc 1 88 5
 125 001a 1C4A     		ldr	r2, .L7
 126 001c 9342     		cmp	r3, r2
 127 001e 31D1     		bne	.L6
 128              	.LBB4:
  89:Core/Src/stm32f1xx_hal_msp.c ****   {
  90:Core/Src/stm32f1xx_hal_msp.c ****   /* USER CODE BEGIN SPI2_MspInit 0 */
  91:Core/Src/stm32f1xx_hal_msp.c **** 
  92:Core/Src/stm32f1xx_hal_msp.c ****   /* USER CODE END SPI2_MspInit 0 */
  93:Core/Src/stm32f1xx_hal_msp.c ****     /* Peripheral clock enable */
  94:Core/Src/stm32f1xx_hal_msp.c ****     __HAL_RCC_SPI2_CLK_ENABLE();
 129              		.loc 1 94 5
 130 0020 1B4B     		ldr	r3, .L7+4
 131 0022 DB69     		ldr	r3, [r3, #28]
 132 0024 1A4A     		ldr	r2, .L7+4
 133 0026 43F48043 		orr	r3, r3, #16384
 134 002a D361     		str	r3, [r2, #28]
 135 002c 184B     		ldr	r3, .L7+4
 136 002e DB69     		ldr	r3, [r3, #28]
 137 0030 03F48043 		and	r3, r3, #16384
ARM GAS  C:\Users\MYKHAI~1.SEN\AppData\Local\Temp\cc9Q7haz.s 			page 5


 138 0034 FB60     		str	r3, [r7, #12]
 139 0036 FB68     		ldr	r3, [r7, #12]
 140              	.LBE4:
 141              	.LBB5:
  95:Core/Src/stm32f1xx_hal_msp.c **** 
  96:Core/Src/stm32f1xx_hal_msp.c ****     __HAL_RCC_GPIOB_CLK_ENABLE();
 142              		.loc 1 96 5
 143 0038 154B     		ldr	r3, .L7+4
 144 003a 9B69     		ldr	r3, [r3, #24]
 145 003c 144A     		ldr	r2, .L7+4
 146 003e 43F00803 		orr	r3, r3, #8
 147 0042 9361     		str	r3, [r2, #24]
 148 0044 124B     		ldr	r3, .L7+4
 149 0046 9B69     		ldr	r3, [r3, #24]
 150 0048 03F00803 		and	r3, r3, #8
 151 004c BB60     		str	r3, [r7, #8]
 152 004e BB68     		ldr	r3, [r7, #8]
 153              	.LBE5:
  97:Core/Src/stm32f1xx_hal_msp.c ****     /**SPI2 GPIO Configuration
  98:Core/Src/stm32f1xx_hal_msp.c ****     PB13     ------> SPI2_SCK
  99:Core/Src/stm32f1xx_hal_msp.c ****     PB14     ------> SPI2_MISO
 100:Core/Src/stm32f1xx_hal_msp.c ****     PB15     ------> SPI2_MOSI
 101:Core/Src/stm32f1xx_hal_msp.c ****     */
 102:Core/Src/stm32f1xx_hal_msp.c ****     GPIO_InitStruct.Pin = GPIO_PIN_13|GPIO_PIN_15;
 154              		.loc 1 102 25
 155 0050 4FF42043 		mov	r3, #40960
 156 0054 3B61     		str	r3, [r7, #16]
 103:Core/Src/stm32f1xx_hal_msp.c ****     GPIO_InitStruct.Mode = GPIO_MODE_AF_PP;
 157              		.loc 1 103 26
 158 0056 0223     		movs	r3, #2
 159 0058 7B61     		str	r3, [r7, #20]
 104:Core/Src/stm32f1xx_hal_msp.c ****     GPIO_InitStruct.Speed = GPIO_SPEED_FREQ_HIGH;
 160              		.loc 1 104 27
 161 005a 0323     		movs	r3, #3
 162 005c FB61     		str	r3, [r7, #28]
 105:Core/Src/stm32f1xx_hal_msp.c ****     HAL_GPIO_Init(GPIOB, &GPIO_InitStruct);
 163              		.loc 1 105 5
 164 005e 07F11003 		add	r3, r7, #16
 165 0062 1946     		mov	r1, r3
 166 0064 0B48     		ldr	r0, .L7+8
 167 0066 FFF7FEFF 		bl	HAL_GPIO_Init
 106:Core/Src/stm32f1xx_hal_msp.c **** 
 107:Core/Src/stm32f1xx_hal_msp.c ****     GPIO_InitStruct.Pin = GPIO_PIN_14;
 168              		.loc 1 107 25
 169 006a 4FF48043 		mov	r3, #16384
 170 006e 3B61     		str	r3, [r7, #16]
 108:Core/Src/stm32f1xx_hal_msp.c ****     GPIO_InitStruct.Mode = GPIO_MODE_INPUT;
 171              		.loc 1 108 26
 172 0070 0023     		movs	r3, #0
 173 0072 7B61     		str	r3, [r7, #20]
 109:Core/Src/stm32f1xx_hal_msp.c ****     GPIO_InitStruct.Pull = GPIO_NOPULL;
 174              		.loc 1 109 26
 175 0074 0023     		movs	r3, #0
 176 0076 BB61     		str	r3, [r7, #24]
 110:Core/Src/stm32f1xx_hal_msp.c ****     HAL_GPIO_Init(GPIOB, &GPIO_InitStruct);
 177              		.loc 1 110 5
 178 0078 07F11003 		add	r3, r7, #16
ARM GAS  C:\Users\MYKHAI~1.SEN\AppData\Local\Temp\cc9Q7haz.s 			page 6


 179 007c 1946     		mov	r1, r3
 180 007e 0548     		ldr	r0, .L7+8
 181 0080 FFF7FEFF 		bl	HAL_GPIO_Init
 182              	.L6:
 111:Core/Src/stm32f1xx_hal_msp.c **** 
 112:Core/Src/stm32f1xx_hal_msp.c ****   /* USER CODE BEGIN SPI2_MspInit 1 */
 113:Core/Src/stm32f1xx_hal_msp.c **** 
 114:Core/Src/stm32f1xx_hal_msp.c ****   /* USER CODE END SPI2_MspInit 1 */
 115:Core/Src/stm32f1xx_hal_msp.c ****   }
 116:Core/Src/stm32f1xx_hal_msp.c **** 
 117:Core/Src/stm32f1xx_hal_msp.c **** }
 183              		.loc 1 117 1
 184 0084 00BF     		nop
 185 0086 2037     		adds	r7, r7, #32
 186              	.LCFI9:
 187              		.cfi_def_cfa_offset 8
 188 0088 BD46     		mov	sp, r7
 189              	.LCFI10:
 190              		.cfi_def_cfa_register 13
 191              		@ sp needed
 192 008a 80BD     		pop	{r7, pc}
 193              	.L8:
 194              		.align	2
 195              	.L7:
 196 008c 00380040 		.word	1073756160
 197 0090 00100240 		.word	1073876992
 198 0094 000C0140 		.word	1073810432
 199              		.cfi_endproc
 200              	.LFE66:
 202              		.section	.text.HAL_SPI_MspDeInit,"ax",%progbits
 203              		.align	1
 204              		.global	HAL_SPI_MspDeInit
 205              		.syntax unified
 206              		.thumb
 207              		.thumb_func
 209              	HAL_SPI_MspDeInit:
 210              	.LFB67:
 118:Core/Src/stm32f1xx_hal_msp.c **** 
 119:Core/Src/stm32f1xx_hal_msp.c **** /**
 120:Core/Src/stm32f1xx_hal_msp.c **** * @brief SPI MSP De-Initialization
 121:Core/Src/stm32f1xx_hal_msp.c **** * This function freeze the hardware resources used in this example
 122:Core/Src/stm32f1xx_hal_msp.c **** * @param hspi: SPI handle pointer
 123:Core/Src/stm32f1xx_hal_msp.c **** * @retval None
 124:Core/Src/stm32f1xx_hal_msp.c **** */
 125:Core/Src/stm32f1xx_hal_msp.c **** void HAL_SPI_MspDeInit(SPI_HandleTypeDef* hspi)
 126:Core/Src/stm32f1xx_hal_msp.c **** {
 211              		.loc 1 126 1
 212              		.cfi_startproc
 213              		@ args = 0, pretend = 0, frame = 8
 214              		@ frame_needed = 1, uses_anonymous_args = 0
 215 0000 80B5     		push	{r7, lr}
 216              	.LCFI11:
 217              		.cfi_def_cfa_offset 8
 218              		.cfi_offset 7, -8
 219              		.cfi_offset 14, -4
 220 0002 82B0     		sub	sp, sp, #8
 221              	.LCFI12:
ARM GAS  C:\Users\MYKHAI~1.SEN\AppData\Local\Temp\cc9Q7haz.s 			page 7


 222              		.cfi_def_cfa_offset 16
 223 0004 00AF     		add	r7, sp, #0
 224              	.LCFI13:
 225              		.cfi_def_cfa_register 7
 226 0006 7860     		str	r0, [r7, #4]
 127:Core/Src/stm32f1xx_hal_msp.c ****   if(hspi->Instance==SPI2)
 227              		.loc 1 127 10
 228 0008 7B68     		ldr	r3, [r7, #4]
 229 000a 1B68     		ldr	r3, [r3]
 230              		.loc 1 127 5
 231 000c 084A     		ldr	r2, .L12
 232 000e 9342     		cmp	r3, r2
 233 0010 0AD1     		bne	.L11
 128:Core/Src/stm32f1xx_hal_msp.c ****   {
 129:Core/Src/stm32f1xx_hal_msp.c ****   /* USER CODE BEGIN SPI2_MspDeInit 0 */
 130:Core/Src/stm32f1xx_hal_msp.c **** 
 131:Core/Src/stm32f1xx_hal_msp.c ****   /* USER CODE END SPI2_MspDeInit 0 */
 132:Core/Src/stm32f1xx_hal_msp.c ****     /* Peripheral clock disable */
 133:Core/Src/stm32f1xx_hal_msp.c ****     __HAL_RCC_SPI2_CLK_DISABLE();
 234              		.loc 1 133 5
 235 0012 084B     		ldr	r3, .L12+4
 236 0014 DB69     		ldr	r3, [r3, #28]
 237 0016 074A     		ldr	r2, .L12+4
 238 0018 23F48043 		bic	r3, r3, #16384
 239 001c D361     		str	r3, [r2, #28]
 134:Core/Src/stm32f1xx_hal_msp.c **** 
 135:Core/Src/stm32f1xx_hal_msp.c ****     /**SPI2 GPIO Configuration
 136:Core/Src/stm32f1xx_hal_msp.c ****     PB13     ------> SPI2_SCK
 137:Core/Src/stm32f1xx_hal_msp.c ****     PB14     ------> SPI2_MISO
 138:Core/Src/stm32f1xx_hal_msp.c ****     PB15     ------> SPI2_MOSI
 139:Core/Src/stm32f1xx_hal_msp.c ****     */
 140:Core/Src/stm32f1xx_hal_msp.c ****     HAL_GPIO_DeInit(GPIOB, GPIO_PIN_13|GPIO_PIN_14|GPIO_PIN_15);
 240              		.loc 1 140 5
 241 001e 4FF46041 		mov	r1, #57344
 242 0022 0548     		ldr	r0, .L12+8
 243 0024 FFF7FEFF 		bl	HAL_GPIO_DeInit
 244              	.L11:
 141:Core/Src/stm32f1xx_hal_msp.c **** 
 142:Core/Src/stm32f1xx_hal_msp.c ****   /* USER CODE BEGIN SPI2_MspDeInit 1 */
 143:Core/Src/stm32f1xx_hal_msp.c **** 
 144:Core/Src/stm32f1xx_hal_msp.c ****   /* USER CODE END SPI2_MspDeInit 1 */
 145:Core/Src/stm32f1xx_hal_msp.c ****   }
 146:Core/Src/stm32f1xx_hal_msp.c **** 
 147:Core/Src/stm32f1xx_hal_msp.c **** }
 245              		.loc 1 147 1
 246 0028 00BF     		nop
 247 002a 0837     		adds	r7, r7, #8
 248              	.LCFI14:
 249              		.cfi_def_cfa_offset 8
 250 002c BD46     		mov	sp, r7
 251              	.LCFI15:
 252              		.cfi_def_cfa_register 13
 253              		@ sp needed
 254 002e 80BD     		pop	{r7, pc}
 255              	.L13:
 256              		.align	2
 257              	.L12:
ARM GAS  C:\Users\MYKHAI~1.SEN\AppData\Local\Temp\cc9Q7haz.s 			page 8


 258 0030 00380040 		.word	1073756160
 259 0034 00100240 		.word	1073876992
 260 0038 000C0140 		.word	1073810432
 261              		.cfi_endproc
 262              	.LFE67:
 264              		.text
 265              	.Letext0:
 266              		.file 2 "c:\\program files (custom)\\arm-gnu-toolchain\\arm-none-eabi\\include\\machine\\_default_
 267              		.file 3 "c:\\program files (custom)\\arm-gnu-toolchain\\arm-none-eabi\\include\\sys\\_stdint.h"
 268              		.file 4 "Drivers/CMSIS/Device/ST/STM32F1xx/Include/stm32f103xb.h"
 269              		.file 5 "Drivers/STM32F1xx_HAL_Driver/Inc/stm32f1xx_hal_def.h"
 270              		.file 6 "Drivers/STM32F1xx_HAL_Driver/Inc/stm32f1xx_hal_gpio.h"
 271              		.file 7 "Drivers/STM32F1xx_HAL_Driver/Inc/stm32f1xx_hal_dma.h"
 272              		.file 8 "Drivers/STM32F1xx_HAL_Driver/Inc/stm32f1xx_hal_spi.h"
ARM GAS  C:\Users\MYKHAI~1.SEN\AppData\Local\Temp\cc9Q7haz.s 			page 9


DEFINED SYMBOLS
                            *ABS*:00000000 stm32f1xx_hal_msp.c
C:\Users\MYKHAI~1.SEN\AppData\Local\Temp\cc9Q7haz.s:19     .text.HAL_MspInit:00000000 $t
C:\Users\MYKHAI~1.SEN\AppData\Local\Temp\cc9Q7haz.s:25     .text.HAL_MspInit:00000000 HAL_MspInit
C:\Users\MYKHAI~1.SEN\AppData\Local\Temp\cc9Q7haz.s:85     .text.HAL_MspInit:00000040 $d
C:\Users\MYKHAI~1.SEN\AppData\Local\Temp\cc9Q7haz.s:90     .text.HAL_SPI_MspInit:00000000 $t
C:\Users\MYKHAI~1.SEN\AppData\Local\Temp\cc9Q7haz.s:96     .text.HAL_SPI_MspInit:00000000 HAL_SPI_MspInit
C:\Users\MYKHAI~1.SEN\AppData\Local\Temp\cc9Q7haz.s:196    .text.HAL_SPI_MspInit:0000008c $d
C:\Users\MYKHAI~1.SEN\AppData\Local\Temp\cc9Q7haz.s:203    .text.HAL_SPI_MspDeInit:00000000 $t
C:\Users\MYKHAI~1.SEN\AppData\Local\Temp\cc9Q7haz.s:209    .text.HAL_SPI_MspDeInit:00000000 HAL_SPI_MspDeInit
C:\Users\MYKHAI~1.SEN\AppData\Local\Temp\cc9Q7haz.s:258    .text.HAL_SPI_MspDeInit:00000030 $d

UNDEFINED SYMBOLS
HAL_GPIO_Init
HAL_GPIO_DeInit
